<?xml version="1.0" encoding="UTF-8" ?>
<testsuite tests="2" failures="0" name="AppTest" time="4.877" errors="1" skipped="0">
  <properties>
[...]
</properties>
  <testcase classname="AppTest" name="connectionSmokeTest" time="4.042"/>
  <testcase classname="AppTest" name="deleteFromDatabaseTest" time="0.835">
    <error message="Object Not Found" type="org.lightcouch.NoDocumentException">org.lightcouch.NoDocumentException: Object Not Found
	at org.lightcouch.CouchDbClientBase.validate(CouchDbClientBase.java:638)
	at org.lightcouch.CouchDbClient$3.process(CouchDbClient.java:221)
	at org.apache.http.protocol.ImmutableHttpProcessor.process(ImmutableHttpProcessor.java:141)
	at org.apache.http.impl.execchain.ProtocolExec.execute(ProtocolExec.java:189)
	at org.apache.http.impl.execchain.RetryExec.execute(RetryExec.java:88)
	at org.apache.http.impl.execchain.RedirectExec.execute(RedirectExec.java:110)
	at org.apache.http.impl.client.InternalHttpClient.doExecute(InternalHttpClient.java:184)
	at org.apache.http.impl.client.CloseableHttpClient.execute(CloseableHttpClient.java:71)
	at org.apache.http.impl.client.CloseableHttpClient.execute(CloseableHttpClient.java:55)
	at org.lightcouch.CouchDbClientBase.executeRequest(CouchDbClientBase.java:468)
	at org.lightcouch.CouchDbClientBase.delete(CouchDbClientBase.java:617)
	at org.lightcouch.CouchDbContext.deleteDB(CouchDbContext.java:69)
	at AppTest.tearDownDB(AppTest.java:40)
	at sun.reflect.NativeMethodAccessorImpl.invoke0(Native Method)
	at sun.reflect.NativeMethodAccessorImpl.invoke(NativeMethodAccessorImpl.java:62)
	at sun.reflect.DelegatingMethodAccessorImpl.invoke(DelegatingMethodAccessorImpl.java:43)
	at java.lang.reflect.Method.invoke(Method.java:483)
	at org.junit.runners.model.FrameworkMethod$1.runReflectiveCall(FrameworkMethod.java:47)
	at org.junit.internal.runners.model.ReflectiveCallable.run(ReflectiveCallable.java:12)
	at org.junit.runners.model.FrameworkMethod.invokeExplosively(FrameworkMethod.java:44)
	at org.junit.internal.runners.statements.RunAfters.evaluate(RunAfters.java:33)
	at org.junit.runners.ParentRunner.runLeaf(ParentRunner.java:271)
	at org.junit.runners.BlockJUnit4ClassRunner.runChild(BlockJUnit4ClassRunner.java:70)
	at org.junit.runners.BlockJUnit4ClassRunner.runChild(BlockJUnit4ClassRunner.java:50)
	at org.junit.runners.ParentRunner$3.run(ParentRunner.java:238)
	at org.junit.runners.ParentRunner$1.schedule(ParentRunner.java:63)
	at org.junit.runners.ParentRunner.runChildren(ParentRunner.java:236)
	at org.junit.runners.ParentRunner.access$000(ParentRunner.java:53)
	at org.junit.runners.ParentRunner$2.evaluate(ParentRunner.java:229)
	at org.junit.runners.ParentRunner.run(ParentRunner.java:309)
	at org.apache.maven.surefire.junit4.JUnit4Provider.execute(JUnit4Provider.java:252)
	at org.apache.maven.surefire.junit4.JUnit4Provider.executeTestSet(JUnit4Provider.java:141)
	at org.apache.maven.surefire.junit4.JUnit4Provider.invoke(JUnit4Provider.java:112)
	at sun.reflect.NativeMethodAccessorImpl.invoke0(Native Method)
	at sun.reflect.NativeMethodAccessorImpl.invoke(NativeMethodAccessorImpl.java:62)
	at sun.reflect.DelegatingMethodAccessorImpl.invoke(DelegatingMethodAccessorImpl.java:43)
	at java.lang.reflect.Method.invoke(Method.java:483)
	at org.apache.maven.surefire.util.ReflectionUtils.invokeMethodWithArray(ReflectionUtils.java:189)
	at org.apache.maven.surefire.booter.ProviderFactory$ProviderProxy.invoke(ProviderFactory.java:165)
	at org.apache.maven.surefire.booter.ProviderFactory.invokeProvider(ProviderFactory.java:85)
	at org.apache.maven.surefire.booter.ForkedBooter.runSuitesInProcess(ForkedBooter.java:115)
	at org.apache.maven.surefire.booter.ForkedBooter.main(ForkedBooter.java:75)
</error>
    <system-out>f30d09e69cca44e4a249c8941bc3b078
Some data
dummydata.data: Some data
</system-out>
    <system-err>mar 20, 2015 2:06:52 PM org.lightcouch.CouchDbClient process
INFO: &gt; GET /testdb
mar 20, 2015 2:06:52 PM org.lightcouch.CouchDbClient process
INFO: &lt; Status: 404
mar 20, 2015 2:06:52 PM org.lightcouch.CouchDbClient process
INFO: &gt; PUT /testdb
mar 20, 2015 2:06:52 PM org.lightcouch.CouchDbClient process
INFO: &lt; Status: 201
mar 20, 2015 2:06:52 PM org.lightcouch.CouchDbClient createDB
INFO: Created Database: &apos;testdb&apos;
mar 20, 2015 2:06:52 PM org.lightcouch.CouchDbClient process
INFO: &gt; GET /uka
mar 20, 2015 2:06:52 PM org.lightcouch.CouchDbClient process
INFO: &lt; Status: 200
mar 20, 2015 2:06:52 PM org.lightcouch.CouchDbClient process
INFO: &gt; PUT /uka/f30d09e69cca44e4a249c8941bc3b078
mar 20, 2015 2:06:52 PM org.lightcouch.CouchDbClient process
INFO: &lt; Status: 201
mar 20, 2015 2:06:52 PM org.lightcouch.CouchDbClient process
INFO: &gt; GET /uka/f30d09e69cca44e4a249c8941bc3b078
mar 20, 2015 2:06:52 PM org.lightcouch.CouchDbClient process
INFO: &lt; Status: 200
mar 20, 2015 2:06:52 PM org.lightcouch.CouchDbClient process
INFO: &gt; DELETE /uka/f30d09e69cca44e4a249c8941bc3b078?rev=1-4aad12ae13d1496c210b0c9a24ec5ae8
mar 20, 2015 2:06:52 PM org.lightcouch.CouchDbClient process
INFO: &lt; Status: 200
mar 20, 2015 2:06:52 PM org.lightcouch.CouchDbClient process
INFO: &gt; DELETE /testdb
mar 20, 2015 2:06:52 PM org.lightcouch.CouchDbClient process
INFO: &lt; Status: 404
</system-err>
  </testcase>
</testsuite>